<?xml version="1.0" encoding="UTF-8"?>
<testng-results skipped="0" failed="0" ignored="0" total="1" passed="1">
  <reporter-output>
  </reporter-output>
  <suite name="Default suite" duration-ms="32217" started-at="2017-05-26T09:20:05Z" finished-at="2017-05-26T09:20:37Z">
    <groups>
    </groups>
    <test name="Default test" duration-ms="32217" started-at="2017-05-26T09:20:05Z" finished-at="2017-05-26T09:20:37Z">
      <class name="com.gmail.com.DemoAlert">
        <test-method status="PASS" signature="testLinks()[pri:0, instance:com.gmail.com.DemoAlert@ae45eb6]" name="testLinks" duration-ms="32180" started-at="2017-05-26T14:50:05Z" finished-at="2017-05-26T14:50:37Z">
          <reporter-output>
          </reporter-output>
        </test-method> <!-- testLinks -->
      </class> <!-- com.gmail.com.DemoAlert -->
    </test> <!-- Default test -->
  </suite> <!-- Default suite -->
</testng-results>
