<?xml version="1.0" encoding="UTF-8"?>
<testng-results skipped="0" failed="0" ignored="0" total="2" passed="2">
  <reporter-output>
  </reporter-output>
  <suite name="Default suite" duration-ms="36839" started-at="2017-04-11T12:58:50Z" finished-at="2017-04-11T12:59:27Z">
    <groups>
    </groups>
    <test name="Default test" duration-ms="36839" started-at="2017-04-11T12:58:50Z" finished-at="2017-04-11T12:59:27Z">
      <class name="parameterization.TestCases">
        <test-method status="PASS" signature="setup()[pri:0, instance:parameterization.TestCases@91161c7]" name="setup" is-config="true" duration-ms="10358" started-at="2017-04-11T18:28:50Z" finished-at="2017-04-11T18:29:00Z">
          <reporter-output>
          </reporter-output>
        </test-method> <!-- setup -->
        <test-method status="PASS" signature="loginToGmail(java.lang.String, java.lang.String)[pri:49, instance:parameterization.TestCases@91161c7]" name="loginToGmail" duration-ms="9038" started-at="2017-04-11T18:29:00Z" data-provider="SearchProvider" finished-at="2017-04-11T18:29:09Z">
          <params>
            <param index="0">
              <value>
                <![CDATA[sharujerry]]>
              </value>
            </param>
            <param index="1">
              <value>
                <![CDATA[genpact@123]]>
              </value>
            </param>
          </params>
          <reporter-output>
          </reporter-output>
        </test-method> <!-- loginToGmail -->
        <test-method status="PASS" signature="searchEmails(java.lang.String, java.lang.String)[pri:50, instance:parameterization.TestCases@91161c7]" name="searchEmails" duration-ms="15672" started-at="2017-04-11T18:29:10Z" data-provider="SearchProviderExcel" finished-at="2017-04-11T18:29:26Z">
          <params>
            <param index="0">
              <value>
                <![CDATA[rohit]]>
              </value>
            </param>
            <param index="1">
              <value>
                <![CDATA[MBRDI]]>
              </value>
            </param>
          </params>
          <reporter-output>
          </reporter-output>
        </test-method> <!-- searchEmails -->
        <test-method status="PASS" signature="close()[pri:0, instance:parameterization.TestCases@91161c7]" name="close" is-config="true" duration-ms="720" started-at="2017-04-11T18:29:26Z" finished-at="2017-04-11T18:29:27Z">
          <reporter-output>
          </reporter-output>
        </test-method> <!-- close -->
      </class> <!-- parameterization.TestCases -->
    </test> <!-- Default test -->
  </suite> <!-- Default suite -->
</testng-results>
